<?xml version="1.0" encoding="UTF-8"?>
<!-- Generated by org.testng.reporters.JUnitReportReporter -->
<testsuite hostname="bridgeusersMBP2.lan" failures="0" tests="3" name="com.natasha.applitools.modernTests.ModernTestV1" time="24.599" errors="0" timestamp="2020-07-05T23:31:59 BST" skipped="0">
  <testcase classname="com.natasha.applitools.modernTests.ModernTestV1" name="checkProductDetails" time="8.039"/>
  <system-out/>
  <testcase classname="com.natasha.applitools.modernTests.ModernTestV1" name="checkLandingPageIsDisplayedCorrectly" time="8.693"/>
  <system-out/>
  <testcase classname="com.natasha.applitools.modernTests.ModernTestV1" name="checkOnlyBlackShoesDisplayedWhenFilterByColorBlack" time="7.867"/>
  <system-out/>
</testsuite> <!-- com.natasha.applitools.modernTests.ModernTestV1 -->
