<?xml version="1.0" encoding="UTF-8"?>
<!-- Generated by org.testng.reporters.JUnitReportReporter -->
<testsuite hostname="bridgeusersMBP2.lan" failures="0" tests="96" name="com.natasha.applitools.traditionalTests.traditionalTestV1.CrossDeviceElementTest" time="379.833" errors="0" timestamp="2020-07-06T12:17:11 BST" skipped="0">
  <testcase classname="com.natasha.applitools.traditionalTests.traditionalTestV1.CrossDeviceElementTest" name="checkFilterSideBarIsDisplayedOnDesktop" time="3.176"/>
  <system-out/>
  <testcase classname="com.natasha.applitools.traditionalTests.traditionalTestV1.CrossDeviceElementTest" name="checkMainMenuIsDisplayedOnDesktop" time="3.454"/>
  <system-out/>
  <testcase classname="com.natasha.applitools.traditionalTests.traditionalTestV1.CrossDeviceElementTest" name="checkQuickLinksSectionIsMinimisedOnMobileScreen" time="5.537"/>
  <system-out/>
  <testcase classname="com.natasha.applitools.traditionalTests.traditionalTestV1.CrossDeviceElementTest" name="checkFilterSideBarIsDisplayedOnDesktop" time="2.404"/>
  <system-out/>
  <testcase classname="com.natasha.applitools.traditionalTests.traditionalTestV1.CrossDeviceElementTest" name="checkAddToFavoriteButtonIsDisplayedOnTabletAndMobile" time="3.280"/>
  <system-out/>
  <testcase classname="com.natasha.applitools.traditionalTests.traditionalTestV1.CrossDeviceElementTest" name="checkCartDisplaysTwoItemsOnlyOnMobileScreens" time="3.150"/>
  <system-out/>
  <testcase classname="com.natasha.applitools.traditionalTests.traditionalTestV1.CrossDeviceElementTest" name="checkContactsSectionIsMinimisedOnMobile" time="5.342"/>
  <system-out/>
  <testcase classname="com.natasha.applitools.traditionalTests.traditionalTestV1.CrossDeviceElementTest" name="checkContactsSectionIsMinimisedOnMobile" time="2.335"/>
  <system-out/>
  <testcase classname="com.natasha.applitools.traditionalTests.traditionalTestV1.CrossDeviceElementTest" name="checkCartDisplaysTwoItemsOnlyOnMobileScreens" time="5.433"/>
  <system-out/>
  <testcase classname="com.natasha.applitools.traditionalTests.traditionalTestV1.CrossDeviceElementTest" name="checkAddToFavoriteButtonIsDisplayedOnTabletAndMobile" time="2.394"/>
  <system-out/>
  <testcase classname="com.natasha.applitools.traditionalTests.traditionalTestV1.CrossDeviceElementTest" name="checkCartDisplaysTwoItemsOnlyOnMobileScreens" time="3.360"/>
  <system-out/>
  <testcase classname="com.natasha.applitools.traditionalTests.traditionalTestV1.CrossDeviceElementTest" name="checkContactsSectionIsMinimisedOnMobile" time="3.264"/>
  <system-out/>
  <testcase classname="com.natasha.applitools.traditionalTests.traditionalTestV1.CrossDeviceElementTest" name="checkFilterSideBarIsDisplayedOnDesktop" time="5.977"/>
  <system-out/>
  <testcase classname="com.natasha.applitools.traditionalTests.traditionalTestV1.CrossDeviceElementTest" name="checkFilterButtonLabelIsDisplayedOnTablet" time="3.076"/>
  <system-out/>
  <testcase classname="com.natasha.applitools.traditionalTests.traditionalTestV1.CrossDeviceElementTest" name="checkWishlistButtonIsDisplayedOnDesktop" time="3.069"/>
  <system-out/>
  <testcase classname="com.natasha.applitools.traditionalTests.traditionalTestV1.CrossDeviceElementTest" name="checkAddToCartButtonIsDisplayedOnTabletAndMobile" time="5.553"/>
  <system-out/>
  <testcase classname="com.natasha.applitools.traditionalTests.traditionalTestV1.CrossDeviceElementTest" name="checkQuickLinksSectionIsMinimisedOnMobileScreen" time="2.594"/>
  <system-out/>
  <testcase classname="com.natasha.applitools.traditionalTests.traditionalTestV1.CrossDeviceElementTest" name="checkQuickLinksSectionIsMinimisedOnMobileScreen" time="3.303"/>
  <system-out/>
  <testcase classname="com.natasha.applitools.traditionalTests.traditionalTestV1.CrossDeviceElementTest" name="checkAddToCompareButtonIsDisplayedOnTabletAndMobile" time="5.356"/>
  <system-out/>
  <testcase classname="com.natasha.applitools.traditionalTests.traditionalTestV1.CrossDeviceElementTest" name="checkViewByGridButtonIsDisplayedOnDesktop" time="6.429"/>
  <system-out/>
  <testcase classname="com.natasha.applitools.traditionalTests.traditionalTestV1.CrossDeviceElementTest" name="checkWishlistButtonIsDisplayedOnDesktop" time="5.281"/>
  <system-out/>
  <testcase classname="com.natasha.applitools.traditionalTests.traditionalTestV1.CrossDeviceElementTest" name="checkFilterButtonLabelIsDisplayedOnTablet" time="2.462"/>
  <system-out/>
  <testcase classname="com.natasha.applitools.traditionalTests.traditionalTestV1.CrossDeviceElementTest" name="checkSearchButtonIsDisplayedOnTabletAndMobile" time="5.391"/>
  <system-out/>
  <testcase classname="com.natasha.applitools.traditionalTests.traditionalTestV1.CrossDeviceElementTest" name="checkQuickLinksSectionIsMinimisedOnMobileScreen" time="5.384"/>
  <system-out/>
  <testcase classname="com.natasha.applitools.traditionalTests.traditionalTestV1.CrossDeviceElementTest" name="checkViewByGridButtonIsDisplayedOnDesktop" time="2.694"/>
  <system-out/>
  <testcase classname="com.natasha.applitools.traditionalTests.traditionalTestV1.CrossDeviceElementTest" name="checkSearchBarIsDisplayedOnDesktopAndTablet" time="5.445"/>
  <system-out/>
  <testcase classname="com.natasha.applitools.traditionalTests.traditionalTestV1.CrossDeviceElementTest" name="checkFilterButtonIsDisplayedOnTabletAndMobile" time="2.288"/>
  <system-out/>
  <testcase classname="com.natasha.applitools.traditionalTests.traditionalTestV1.CrossDeviceElementTest" name="checkAddToCompareButtonIsDisplayedOnTabletAndMobile" time="3.228"/>
  <system-out/>
  <testcase classname="com.natasha.applitools.traditionalTests.traditionalTestV1.CrossDeviceElementTest" name="checkSearchBarIsDisplayedOnDesktopAndTablet" time="5.367"/>
  <system-out/>
  <testcase classname="com.natasha.applitools.traditionalTests.traditionalTestV1.CrossDeviceElementTest" name="checkKeepInTouchSectionIsMinimisedOnMobile" time="3.345"/>
  <system-out/>
  <testcase classname="com.natasha.applitools.traditionalTests.traditionalTestV1.CrossDeviceElementTest" name="checkAddToCartButtonIsDisplayedOnTabletAndMobile" time="2.364"/>
  <system-out/>
  <testcase classname="com.natasha.applitools.traditionalTests.traditionalTestV1.CrossDeviceElementTest" name="checkFilterButtonIsDisplayedOnTabletAndMobile" time="5.618"/>
  <system-out/>
  <testcase classname="com.natasha.applitools.traditionalTests.traditionalTestV1.CrossDeviceElementTest" name="checkFilterButtonLabelIsDisplayedOnTablet" time="3.096"/>
  <system-out/>
  <testcase classname="com.natasha.applitools.traditionalTests.traditionalTestV1.CrossDeviceElementTest" name="checkSearchButtonIsDisplayedOnTabletAndMobile" time="2.385"/>
  <system-out/>
  <testcase classname="com.natasha.applitools.traditionalTests.traditionalTestV1.CrossDeviceElementTest" name="checkKeepInTouchSectionIsMinimisedOnMobile" time="3.161"/>
  <system-out/>
  <testcase classname="com.natasha.applitools.traditionalTests.traditionalTestV1.CrossDeviceElementTest" name="checkSearchBarIsDisplayedOnDesktopAndTablet" time="3.394"/>
  <system-out/>
  <testcase classname="com.natasha.applitools.traditionalTests.traditionalTestV1.CrossDeviceElementTest" name="checkAddToCompareButtonIsDisplayedOnTabletAndMobile" time="3.380"/>
  <system-out/>
  <testcase classname="com.natasha.applitools.traditionalTests.traditionalTestV1.CrossDeviceElementTest" name="checkAddToFavoriteButtonIsDisplayedOnTabletAndMobile" time="3.311"/>
  <system-out/>
  <testcase classname="com.natasha.applitools.traditionalTests.traditionalTestV1.CrossDeviceElementTest" name="checkMainMenuIsDisplayedOnDesktop" time="5.328"/>
  <system-out/>
  <testcase classname="com.natasha.applitools.traditionalTests.traditionalTestV1.CrossDeviceElementTest" name="checkFilterButtonIsDisplayedOnTabletAndMobile" time="3.161"/>
  <system-out/>
  <testcase classname="com.natasha.applitools.traditionalTests.traditionalTestV1.CrossDeviceElementTest" name="checkKeepInTouchSectionIsMinimisedOnMobile" time="2.589"/>
  <system-out/>
  <testcase classname="com.natasha.applitools.traditionalTests.traditionalTestV1.CrossDeviceElementTest" name="checkSearchButtonIsDisplayedOnTabletAndMobile" time="3.214"/>
  <system-out/>
  <testcase classname="com.natasha.applitools.traditionalTests.traditionalTestV1.CrossDeviceElementTest" name="checkFilterButtonIsDisplayedOnTabletAndMobile" time="3.312"/>
  <system-out/>
  <testcase classname="com.natasha.applitools.traditionalTests.traditionalTestV1.CrossDeviceElementTest" name="checkFilterButtonLabelIsDisplayedOnTablet" time="5.218"/>
  <system-out/>
  <testcase classname="com.natasha.applitools.traditionalTests.traditionalTestV1.CrossDeviceElementTest" name="checkCartDisplaysTwoItemsOnlyOnMobileScreens" time="5.496"/>
  <system-out/>
  <testcase classname="com.natasha.applitools.traditionalTests.traditionalTestV1.CrossDeviceElementTest" name="checkFilterSideBarIsDisplayedOnDesktop" time="3.111"/>
  <system-out/>
  <testcase classname="com.natasha.applitools.traditionalTests.traditionalTestV1.CrossDeviceElementTest" name="checkFilterButtonIsDisplayedOnTabletAndMobile" time="3.256"/>
  <system-out/>
  <testcase classname="com.natasha.applitools.traditionalTests.traditionalTestV1.CrossDeviceElementTest" name="checkAddToFavoriteButtonIsDisplayedOnTabletAndMobile" time="5.234"/>
  <system-out/>
  <testcase classname="com.natasha.applitools.traditionalTests.traditionalTestV1.CrossDeviceElementTest" name="checkAddToFavoriteButtonIsDisplayedOnTabletAndMobile" time="5.522"/>
  <system-out/>
  <testcase classname="com.natasha.applitools.traditionalTests.traditionalTestV1.CrossDeviceElementTest" name="checkAddToCompareButtonIsDisplayedOnTabletAndMobile" time="3.410"/>
  <system-out/>
  <testcase classname="com.natasha.applitools.traditionalTests.traditionalTestV1.CrossDeviceElementTest" name="checkKeepInTouchSectionIsMinimisedOnMobile" time="5.334"/>
  <system-out/>
  <testcase classname="com.natasha.applitools.traditionalTests.traditionalTestV1.CrossDeviceElementTest" name="checkFilterButtonIsDisplayedOnTabletAndMobile" time="5.513"/>
  <system-out/>
  <testcase classname="com.natasha.applitools.traditionalTests.traditionalTestV1.CrossDeviceElementTest" name="checkMainMenuIsDisplayedOnDesktop" time="3.223"/>
  <system-out/>
  <testcase classname="com.natasha.applitools.traditionalTests.traditionalTestV1.CrossDeviceElementTest" name="checkAddToFavoriteButtonIsDisplayedOnTabletAndMobile" time="3.103"/>
  <system-out/>
  <testcase classname="com.natasha.applitools.traditionalTests.traditionalTestV1.CrossDeviceElementTest" name="checkViewByListButtonIsDisplayedOnDesktop" time="2.371"/>
  <system-out/>
  <testcase classname="com.natasha.applitools.traditionalTests.traditionalTestV1.CrossDeviceElementTest" name="checkSearchButtonIsDisplayedOnTabletAndMobile" time="3.174"/>
  <system-out/>
  <testcase classname="com.natasha.applitools.traditionalTests.traditionalTestV1.CrossDeviceElementTest" name="checkMainMenuIsDisplayedOnDesktop" time="2.402"/>
  <system-out/>
  <testcase classname="com.natasha.applitools.traditionalTests.traditionalTestV1.CrossDeviceElementTest" name="checkQuickLinksSectionIsMinimisedOnMobileScreen" time="3.396"/>
  <system-out/>
  <testcase classname="com.natasha.applitools.traditionalTests.traditionalTestV1.CrossDeviceElementTest" name="checkSearchButtonIsDisplayedOnTabletAndMobile" time="3.077"/>
  <system-out/>
  <testcase classname="com.natasha.applitools.traditionalTests.traditionalTestV1.CrossDeviceElementTest" name="checkViewByGridButtonIsDisplayedOnDesktop" time="3.240"/>
  <system-out/>
  <testcase classname="com.natasha.applitools.traditionalTests.traditionalTestV1.CrossDeviceElementTest" name="checkFilterSideBarIsDisplayedOnDesktop" time="3.215"/>
  <system-out/>
  <testcase classname="com.natasha.applitools.traditionalTests.traditionalTestV1.CrossDeviceElementTest" name="checkAddToCompareButtonIsDisplayedOnTabletAndMobile" time="6.196"/>
  <system-out/>
  <testcase classname="com.natasha.applitools.traditionalTests.traditionalTestV1.CrossDeviceElementTest" name="checkFilterButtonLabelIsDisplayedOnTablet" time="7.422"/>
  <system-out/>
  <testcase classname="com.natasha.applitools.traditionalTests.traditionalTestV1.CrossDeviceElementTest" name="checkAddToCartButtonIsDisplayedOnTabletAndMobile" time="3.446"/>
  <system-out/>
  <testcase classname="com.natasha.applitools.traditionalTests.traditionalTestV1.CrossDeviceElementTest" name="checkAddToCartButtonIsDisplayedOnTabletAndMobile" time="5.819"/>
  <system-out/>
  <testcase classname="com.natasha.applitools.traditionalTests.traditionalTestV1.CrossDeviceElementTest" name="checkSearchBarIsDisplayedOnDesktopAndTablet" time="2.633"/>
  <system-out/>
  <testcase classname="com.natasha.applitools.traditionalTests.traditionalTestV1.CrossDeviceElementTest" name="checkSearchBarIsDisplayedOnDesktopAndTablet" time="2.938"/>
  <system-out/>
  <testcase classname="com.natasha.applitools.traditionalTests.traditionalTestV1.CrossDeviceElementTest" name="checkAddToCompareButtonIsDisplayedOnTabletAndMobile" time="2.624"/>
  <system-out/>
  <testcase classname="com.natasha.applitools.traditionalTests.traditionalTestV1.CrossDeviceElementTest" name="checkViewByListButtonIsDisplayedOnDesktop" time="6.251"/>
  <system-out/>
  <testcase classname="com.natasha.applitools.traditionalTests.traditionalTestV1.CrossDeviceElementTest" name="checkKeepInTouchSectionIsMinimisedOnMobile" time="6.437"/>
  <system-out/>
  <testcase classname="com.natasha.applitools.traditionalTests.traditionalTestV1.CrossDeviceElementTest" name="checkContactsSectionIsMinimisedOnMobile" time="5.435"/>
  <system-out/>
  <testcase classname="com.natasha.applitools.traditionalTests.traditionalTestV1.CrossDeviceElementTest" name="checkFilterButtonLabelIsDisplayedOnTablet" time="5.394"/>
  <system-out/>
  <testcase classname="com.natasha.applitools.traditionalTests.traditionalTestV1.CrossDeviceElementTest" name="checkWishlistButtonIsDisplayedOnDesktop" time="5.229"/>
  <system-out/>
  <testcase classname="com.natasha.applitools.traditionalTests.traditionalTestV1.CrossDeviceElementTest" name="checkKeepInTouchSectionIsMinimisedOnMobile" time="3.110"/>
  <system-out/>
  <testcase classname="com.natasha.applitools.traditionalTests.traditionalTestV1.CrossDeviceElementTest" name="checkViewByListButtonIsDisplayedOnDesktop" time="3.491"/>
  <system-out/>
  <testcase classname="com.natasha.applitools.traditionalTests.traditionalTestV1.CrossDeviceElementTest" name="checkViewByGridButtonIsDisplayedOnDesktop" time="3.077"/>
  <system-out/>
  <testcase classname="com.natasha.applitools.traditionalTests.traditionalTestV1.CrossDeviceElementTest" name="checkViewByListButtonIsDisplayedOnDesktop" time="3.378"/>
  <system-out/>
  <testcase classname="com.natasha.applitools.traditionalTests.traditionalTestV1.CrossDeviceElementTest" name="checkQuickLinksSectionIsMinimisedOnMobileScreen" time="3.107"/>
  <system-out/>
  <testcase classname="com.natasha.applitools.traditionalTests.traditionalTestV1.CrossDeviceElementTest" name="checkFilterSideBarIsDisplayedOnDesktop" time="6.400"/>
  <system-out/>
  <testcase classname="com.natasha.applitools.traditionalTests.traditionalTestV1.CrossDeviceElementTest" name="checkSearchBarIsDisplayedOnDesktopAndTablet" time="3.214"/>
  <system-out/>
  <testcase classname="com.natasha.applitools.traditionalTests.traditionalTestV1.CrossDeviceElementTest" name="checkViewByGridButtonIsDisplayedOnDesktop" time="5.312"/>
  <system-out/>
  <testcase classname="com.natasha.applitools.traditionalTests.traditionalTestV1.CrossDeviceElementTest" name="checkWishlistButtonIsDisplayedOnDesktop" time="4.211"/>
  <system-out/>
  <testcase classname="com.natasha.applitools.traditionalTests.traditionalTestV1.CrossDeviceElementTest" name="checkCartDisplaysTwoItemsOnlyOnMobileScreens" time="3.179"/>
  <system-out/>
  <testcase classname="com.natasha.applitools.traditionalTests.traditionalTestV1.CrossDeviceElementTest" name="checkContactsSectionIsMinimisedOnMobile" time="3.495"/>
  <system-out/>
  <testcase classname="com.natasha.applitools.traditionalTests.traditionalTestV1.CrossDeviceElementTest" name="checkSearchButtonIsDisplayedOnTabletAndMobile" time="6.095"/>
  <system-out/>
  <testcase classname="com.natasha.applitools.traditionalTests.traditionalTestV1.CrossDeviceElementTest" name="checkMainMenuIsDisplayedOnDesktop" time="3.008"/>
  <system-out/>
  <testcase classname="com.natasha.applitools.traditionalTests.traditionalTestV1.CrossDeviceElementTest" name="checkContactsSectionIsMinimisedOnMobile" time="3.041"/>
  <system-out/>
  <testcase classname="com.natasha.applitools.traditionalTests.traditionalTestV1.CrossDeviceElementTest" name="checkViewByListButtonIsDisplayedOnDesktop" time="3.014"/>
  <system-out/>
  <testcase classname="com.natasha.applitools.traditionalTests.traditionalTestV1.CrossDeviceElementTest" name="checkCartDisplaysTwoItemsOnlyOnMobileScreens" time="2.604"/>
  <system-out/>
  <testcase classname="com.natasha.applitools.traditionalTests.traditionalTestV1.CrossDeviceElementTest" name="checkViewByGridButtonIsDisplayedOnDesktop" time="3.236"/>
  <system-out/>
  <testcase classname="com.natasha.applitools.traditionalTests.traditionalTestV1.CrossDeviceElementTest" name="checkViewByListButtonIsDisplayedOnDesktop" time="5.421"/>
  <system-out/>
  <testcase classname="com.natasha.applitools.traditionalTests.traditionalTestV1.CrossDeviceElementTest" name="checkWishlistButtonIsDisplayedOnDesktop" time="3.427"/>
  <system-out/>
  <testcase classname="com.natasha.applitools.traditionalTests.traditionalTestV1.CrossDeviceElementTest" name="checkWishlistButtonIsDisplayedOnDesktop" time="3.432"/>
  <system-out/>
  <testcase classname="com.natasha.applitools.traditionalTests.traditionalTestV1.CrossDeviceElementTest" name="checkAddToCartButtonIsDisplayedOnTabletAndMobile" time="3.123"/>
  <system-out/>
  <testcase classname="com.natasha.applitools.traditionalTests.traditionalTestV1.CrossDeviceElementTest" name="checkMainMenuIsDisplayedOnDesktop" time="5.468"/>
  <system-out/>
  <testcase classname="com.natasha.applitools.traditionalTests.traditionalTestV1.CrossDeviceElementTest" name="checkAddToCartButtonIsDisplayedOnTabletAndMobile" time="3.187"/>
  <system-out/>
</testsuite> <!-- com.natasha.applitools.traditionalTests.traditionalTestV1.CrossDeviceElementTest -->
