<?xml version="1.0" encoding="UTF-8"?>
<!-- Generated by org.testng.reporters.JUnitReportReporter -->
<testsuite hostname="bridgeusersMBP2.lan" failures="0" tests="6" name="com.natasha.applitools.traditionalTests.traditionalTestV1.ShoppingExperienceTest" time="25.950" errors="0" timestamp="2020-07-06T12:17:11 BST" skipped="0">
  <testcase classname="com.natasha.applitools.traditionalTests.traditionalTestV1.ShoppingExperienceTest" name="checkTwoBlackShoesAreDisplayedWhenFilteredByColourBlack" time="3.875"/>
  <system-out/>
  <testcase classname="com.natasha.applitools.traditionalTests.traditionalTestV1.ShoppingExperienceTest" name="checkTwoBlackShoesAreDisplayedWhenFilteredByColourBlack" time="5.828"/>
  <system-out/>
  <testcase classname="com.natasha.applitools.traditionalTests.traditionalTestV1.ShoppingExperienceTest" name="checkTwoBlackShoesAreDisplayedWhenFilteredByColourBlack" time="3.780"/>
  <system-out/>
  <testcase classname="com.natasha.applitools.traditionalTests.traditionalTestV1.ShoppingExperienceTest" name="checkTwoBlackShoesAreDisplayedWhenFilteredByColourBlack" time="6.380"/>
  <system-out/>
  <testcase classname="com.natasha.applitools.traditionalTests.traditionalTestV1.ShoppingExperienceTest" name="checkTwoBlackShoesAreDisplayedWhenFilteredByColourBlack" time="3.589"/>
  <system-out/>
  <testcase classname="com.natasha.applitools.traditionalTests.traditionalTestV1.ShoppingExperienceTest" name="checkTwoBlackShoesAreDisplayedWhenFilteredByColourBlack" time="2.498"/>
  <system-out/>
</testsuite> <!-- com.natasha.applitools.traditionalTests.traditionalTestV1.ShoppingExperienceTest -->
