<?xml version="1.0" encoding="UTF-8"?>
<!-- Generated by org.testng.reporters.JUnitReportReporter -->
<testsuite hostname="bridgeusersMBP2.lan" failures="0" tests="1" name="com.natasha.applitools.modernTests.modernTestV1.CrossDeviceElementTest" time="31.243" errors="0" timestamp="2020-07-04T11:57:45 BST" skipped="0">
  <testcase classname="com.natasha.applitools.modernTests.modernTestV1.CrossDeviceElementTest" name="checkLandingPageIsDisplayedCorrectly" time="31.243"/>
  <system-out/>
</testsuite> <!-- com.natasha.applitools.modernTests.modernTestV1.CrossDeviceElementTest -->
