<?xml version="1.0" encoding="UTF-8"?>
<!-- Generated by org.testng.reporters.JUnitReportReporter -->
<testsuite hostname="bridgeusersMBP2.lan" failures="0" tests="3" name="com.natasha.applitools.modernTests.modernTestV1.ModernVisualTestV1" time="25.233" errors="0" timestamp="2020-07-05T23:06:10 BST" skipped="0">
  <testcase classname="com.natasha.applitools.modernTests.modernTestV1.ModernVisualTestV1" name="checkProductDetails" time="9.426"/>
  <system-out/>
  <testcase classname="com.natasha.applitools.modernTests.modernTestV1.ModernVisualTestV1" name="checkOnlyBlackShoesDisplayedWhenFilterByColorBlack" time="7.998"/>
  <system-out/>
  <testcase classname="com.natasha.applitools.modernTests.modernTestV1.ModernVisualTestV1" name="checkLandingPageIsDisplayedCorrectly" time="7.809"/>
  <system-out/>
</testsuite> <!-- com.natasha.applitools.modernTests.modernTestV1.ModernVisualTestV1 -->
