<?xml version="1.0" encoding="UTF-8"?>
<!-- Generated by org.testng.reporters.JUnitReportReporter -->
<testsuite hostname="bridgeusersMBP2.lan" failures="0" tests="3" name="com.natasha.applitools.modernTests.modernTestV2.ModernVisualTestV2" time="24.056" errors="0" timestamp="2020-07-05T23:12:11 BST" skipped="0">
  <testcase classname="com.natasha.applitools.modernTests.modernTestV2.ModernVisualTestV2" name="checkProductDetails" time="7.982"/>
  <system-out/>
  <testcase classname="com.natasha.applitools.modernTests.modernTestV2.ModernVisualTestV2" name="checkOnlyBlackShoesDisplayedWhenFilterByColorBlack" time="8.472"/>
  <system-out/>
  <testcase classname="com.natasha.applitools.modernTests.modernTestV2.ModernVisualTestV2" name="checkLandingPageIsDisplayedCorrectly" time="7.602"/>
  <system-out/>
</testsuite> <!-- com.natasha.applitools.modernTests.modernTestV2.ModernVisualTestV2 -->
