<?xml version="1.0" encoding="UTF-8"?>
<!-- Generated by org.testng.reporters.JUnitReportReporter -->
<testsuite hostname="bridgeusersMBP2.lan" failures="0" tests="24" name="com.natasha.applitools.traditionalTests.traditionalTestV1.ProductDetailsTest" time="122.447" errors="0" timestamp="2020-07-06T12:17:11 BST" skipped="0">
  <testcase classname="com.natasha.applitools.traditionalTests.traditionalTestV1.ProductDetailsTest" name="checkSizeSmallValueEqualsSmallS" time="2.992"/>
  <system-out/>
  <testcase classname="com.natasha.applitools.traditionalTests.traditionalTestV1.ProductDetailsTest" name="checkNewPriceHasDecimals" time="6.197"/>
  <system-out/>
  <testcase classname="com.natasha.applitools.traditionalTests.traditionalTestV1.ProductDetailsTest" name="checkSizeSmallValueEqualsSmallS" time="6.722"/>
  <system-out/>
  <testcase classname="com.natasha.applitools.traditionalTests.traditionalTestV1.ProductDetailsTest" name="checkSizeSmallValueEqualsSmallS" time="6.412"/>
  <system-out/>
  <testcase classname="com.natasha.applitools.traditionalTests.traditionalTestV1.ProductDetailsTest" name="checkNewPriceHasDecimals" time="7.112"/>
  <system-out/>
  <testcase classname="com.natasha.applitools.traditionalTests.traditionalTestV1.ProductDetailsTest" name="checkNewPriceHasDecimals" time="4.821"/>
  <system-out/>
  <testcase classname="com.natasha.applitools.traditionalTests.traditionalTestV1.ProductDetailsTest" name="checkSizeSmallValueEqualsSmallS" time="5.093"/>
  <system-out/>
  <testcase classname="com.natasha.applitools.traditionalTests.traditionalTestV1.ProductDetailsTest" name="checkItemCodeIsDisplayed" time="6.213"/>
  <system-out/>
  <testcase classname="com.natasha.applitools.traditionalTests.traditionalTestV1.ProductDetailsTest" name="checkItemCodeIsDisplayed" time="6.896"/>
  <system-out/>
  <testcase classname="com.natasha.applitools.traditionalTests.traditionalTestV1.ProductDetailsTest" name="checkOldPriceHasCssValueLineThrough" time="6.745"/>
  <system-out/>
  <testcase classname="com.natasha.applitools.traditionalTests.traditionalTestV1.ProductDetailsTest" name="checkSizeSmallValueEqualsSmallS" time="5.124"/>
  <system-out/>
  <testcase classname="com.natasha.applitools.traditionalTests.traditionalTestV1.ProductDetailsTest" name="checkItemCodeIsDisplayed" time="5.064"/>
  <system-out/>
  <testcase classname="com.natasha.applitools.traditionalTests.traditionalTestV1.ProductDetailsTest" name="checkNewPriceHasDecimals" time="3.264"/>
  <system-out/>
  <testcase classname="com.natasha.applitools.traditionalTests.traditionalTestV1.ProductDetailsTest" name="checkNewPriceHasDecimals" time="4.974"/>
  <system-out/>
  <testcase classname="com.natasha.applitools.traditionalTests.traditionalTestV1.ProductDetailsTest" name="checkItemCodeIsDisplayed" time="4.385"/>
  <system-out/>
  <testcase classname="com.natasha.applitools.traditionalTests.traditionalTestV1.ProductDetailsTest" name="checkSizeSmallValueEqualsSmallS" time="4.252"/>
  <system-out/>
  <testcase classname="com.natasha.applitools.traditionalTests.traditionalTestV1.ProductDetailsTest" name="checkItemCodeIsDisplayed" time="5.081"/>
  <system-out/>
  <testcase classname="com.natasha.applitools.traditionalTests.traditionalTestV1.ProductDetailsTest" name="checkOldPriceHasCssValueLineThrough" time="6.485"/>
  <system-out/>
  <testcase classname="com.natasha.applitools.traditionalTests.traditionalTestV1.ProductDetailsTest" name="checkItemCodeIsDisplayed" time="3.083"/>
  <system-out/>
  <testcase classname="com.natasha.applitools.traditionalTests.traditionalTestV1.ProductDetailsTest" name="checkOldPriceHasCssValueLineThrough" time="3.025"/>
  <system-out/>
  <testcase classname="com.natasha.applitools.traditionalTests.traditionalTestV1.ProductDetailsTest" name="checkOldPriceHasCssValueLineThrough" time="4.105"/>
  <system-out/>
  <testcase classname="com.natasha.applitools.traditionalTests.traditionalTestV1.ProductDetailsTest" name="checkOldPriceHasCssValueLineThrough" time="4.941"/>
  <system-out/>
  <testcase classname="com.natasha.applitools.traditionalTests.traditionalTestV1.ProductDetailsTest" name="checkNewPriceHasDecimals" time="4.714"/>
  <system-out/>
  <testcase classname="com.natasha.applitools.traditionalTests.traditionalTestV1.ProductDetailsTest" name="checkOldPriceHasCssValueLineThrough" time="4.747"/>
  <system-out/>
</testsuite> <!-- com.natasha.applitools.traditionalTests.traditionalTestV1.ProductDetailsTest -->
